0 info it worked if it ends with ok
1 verbose cli [ 'C:\\Program Files\\nodejs\\node.exe',
1 verbose cli   'C:\\Program Files\\nodejs\\node_modules\\npm\\bin\\npm-cli.js',
1 verbose cli   'version',
1 verbose cli   'patch' ]
2 info using npm@3.3.6
3 info using node@v5.0.0
4 info git [ 'status', '--porcelain' ]
5 verbose stack Error: Git working directory not clean.
5 verbose stack M LICENSE
5 verbose stack M dist/jsgame.js
5 verbose stack M dist/jsgame.min.js
5 verbose stack M dist/jsgame.min.js.map
5 verbose stack M package.json
5 verbose stack M script/build.js
5 verbose stack M src/jsgame.js
5 verbose stack M src/lib/Class/Component.js
5 verbose stack M src/lib/Class/Constructor.js
5 verbose stack M src/lib/Class/GameObject.js
5 verbose stack M src/lib/Class/JSGameEngine.js
5 verbose stack M src/lib/Components/Color.js
5 verbose stack M src/lib/Components/Input.js
5 verbose stack M src/lib/Components/Physics2D.js
5 verbose stack M src/lib/Components/Shadow.js
5 verbose stack M src/lib/Components/Transform.js
5 verbose stack M src/lib/Components/Vector2.js
5 verbose stack M src/lib/GameObjects/AudioClip.js
5 verbose stack M src/lib/GameObjects/Background.js
5 verbose stack M src/lib/GameObjects/Particle.js
5 verbose stack M src/lib/GameObjects/ParticleSystem.js
5 verbose stack M src/lib/GameObjects/Script.js
5 verbose stack M src/lib/GameObjects/Sprite.js
5 verbose stack M src/lib/GameObjects/Text.js
5 verbose stack M src/lib/Util/GUIWindow.js
5 verbose stack M src/lib/Util/Math.js
5 verbose stack M src/lib/Util/Time.js
5 verbose stack     at C:\Program Files\nodejs\node_modules\npm\lib\version.js:172:21
5 verbose stack     at ChildProcess.exithandler (child_process.js:194:7)
5 verbose stack     at emitTwo (events.js:87:13)
5 verbose stack     at ChildProcess.emit (events.js:172:7)
5 verbose stack     at maybeClose (internal/child_process.js:818:16)
5 verbose stack     at Process.ChildProcess._handle.onexit (internal/child_process.js:211:5)
6 verbose cwd C:\Users\Thomas Alrek\Documents\NetBeansProjects\jsgame
7 error Windows_NT 10.0.14379
8 error argv "C:\\Program Files\\nodejs\\node.exe" "C:\\Program Files\\nodejs\\node_modules\\npm\\bin\\npm-cli.js" "version" "patch"
9 error node v5.0.0
10 error npm  v3.3.6
11 error Git working directory not clean.
11 error M LICENSE
11 error M dist/jsgame.js
11 error M dist/jsgame.min.js
11 error M dist/jsgame.min.js.map
11 error M package.json
11 error M script/build.js
11 error M src/jsgame.js
11 error M src/lib/Class/Component.js
11 error M src/lib/Class/Constructor.js
11 error M src/lib/Class/GameObject.js
11 error M src/lib/Class/JSGameEngine.js
11 error M src/lib/Components/Color.js
11 error M src/lib/Components/Input.js
11 error M src/lib/Components/Physics2D.js
11 error M src/lib/Components/Shadow.js
11 error M src/lib/Components/Transform.js
11 error M src/lib/Components/Vector2.js
11 error M src/lib/GameObjects/AudioClip.js
11 error M src/lib/GameObjects/Background.js
11 error M src/lib/GameObjects/Particle.js
11 error M src/lib/GameObjects/ParticleSystem.js
11 error M src/lib/GameObjects/Script.js
11 error M src/lib/GameObjects/Sprite.js
11 error M src/lib/GameObjects/Text.js
11 error M src/lib/Util/GUIWindow.js
11 error M src/lib/Util/Math.js
11 error M src/lib/Util/Time.js
12 error If you need help, you may report this error at:
12 error     <https://github.com/npm/npm/issues>
13 verbose exit [ 1, true ]
